C51 COMPILER V9.00   WWW                                                                   10/20/2022 21:16:10 PAGE 1   


C51 COMPILER V9.00, COMPILATION OF MODULE WWW
OBJECT MODULE PLACED IN www.OBJ
COMPILER INVOKED BY: C:\Keil\C51\BIN\C51.EXE www.c BROWSE DEBUG OBJECTEXTEND

line level    source

   1          #include <reg51.h>
   2          #include <intrins.h>
   3          sbit key0=P1^0;
   4          unsigned int temp;
   5          unsigned int w; 
   6          unsigned char num,flag;
   7          void delay(unsigned int q)
   8          {
   9   1       unsigned int c=0,f=0;
  10   1       for(c=0;c<q;c++)                       
  11   1       {
  12   2        for(f=0;f<120;f++);
  13   2       }
  14   1      }
  15          void lsd()
  16          {
  17   1      temp=0xfe;
  18   1      P0=temp;
  19   1      delay(500);
  20   1        {
  21   2        for(w=0;w<7;w++)
  22   2           {
  23   3              temp=_crol_(temp,1);
  24   3              delay(500);
  25   3                P0=temp;
  26   3           }
  27   2          for(w=0;w<7;w++)
  28   2           {
  29   3              temp=_cror_(temp,1);
  30   3              delay(500);
  31   3                P0=temp;
  32   3           }
  33   2        }
  34   1      }
  35          void key()
  36          {
  37   1       if(key0==0)  
  38   1        { 
  39   2        delay(10); 
  40   2        if(key0==1)
  41   2        {
  42   3        while(1)
  43   3         {
  44   4         lsd();
  45   4         }
  46   3        }
  47   2       }
  48   1      } 
  49          void main()
  50          {
  51   1      while(1)
  52   1       {
  53   2        key();
  54   2       }
  55   1      }
C51 COMPILER V9.00   WWW                                                                   10/20/2022 21:16:10 PAGE 2   



MODULE INFORMATION:   STATIC OVERLAYABLE
   CODE SIZE        =    156    ----
   CONSTANT SIZE    =   ----    ----
   XDATA SIZE       =   ----    ----
   PDATA SIZE       =   ----    ----
   DATA SIZE        =      6    ----
   IDATA SIZE       =   ----    ----
   BIT SIZE         =   ----    ----
END OF MODULE INFORMATION.


C51 COMPILATION COMPLETE.  0 WARNING(S),  0 ERROR(S)
